<?xml version="1.0" encoding="UTF-8"?>
<!-- Generated by org.testng.reporters.JUnitXMLReporter -->
<testsuite ignored="0" hostname="DESKTOP-5KEISHG" failures="1" tests="3" name="Chrometest" time="74.515" errors="0" timestamp="2024-11-23T06:32:44 IST">
  <testcase classname="testCases.TC001_OC_Loginpagetest" name="Verifylogin" time="2.906"/>
  <testcase classname="testCases.TC002_OC_WishlistTest" name="Verifylogin" time="5.509"/>
  <testcase classname="testCases.TC002_OC_WishlistTest" name="verifywishlist" time="7.626">
    <failure type="java.lang.AssertionError" message="expected [true] but found [false]">
      <![CDATA[java.lang.AssertionError: expected [true] but found [false]
at testCases.TC002_OC_WishlistTest.verifywishlist(TC002_OC_WishlistTest.java:45)
at java.base/java.util.ArrayList.forEach(ArrayList.java:1596)
at java.base/java.util.concurrent.FutureTask.run(FutureTask.java:317)
at java.base/java.util.concurrent.ThreadPoolExecutor.runWorker(ThreadPoolExecutor.java:1144)
at java.base/java.util.concurrent.ThreadPoolExecutor$Worker.run(ThreadPoolExecutor.java:642)
at java.base/java.lang.Thread.run(Thread.java:1583)
... Removed 19 stack frames]]>
    </failure>
  </testcase> <!-- verifywishlist -->
</testsuite> <!-- Chrometest -->
